<?xml version="1.0" encoding="UTF-8"?>
<testsuite xmlns:xsi="http://www.w3.org/2001/XMLSchema-instance" xsi:noNamespaceSchemaLocation="https://maven.apache.org/surefire/maven-surefire-plugin/xsd/surefire-test-report-3.0.xsd" version="3.0" name="com.example.demo.TestcrudApplicationTests" time="10.373" tests="1" errors="0" skipped="0" failures="0">
  <properties>
[...]
</properties>
  <testcase name="contextLoads" classname="com.example.demo.TestcrudApplicationTests" time="1.047">
    <system-out><![CDATA[16:31:57.058 [main] INFO org.springframework.test.context.support.AnnotationConfigContextLoaderUtils -- Could not detect default configuration classes for test class [com.example.demo.TestcrudApplicationTests]: TestcrudApplicationTests does not declare any static, non-private, non-final, nested classes annotated with @Configuration.
16:31:57.250 [main] INFO org.springframework.boot.test.context.SpringBootTestContextBootstrapper -- Found @SpringBootConfiguration com.example.demo.TestcrudApplication for test class com.example.demo.TestcrudApplicationTests
16:31:57.521 [main] INFO org.springframework.boot.devtools.restart.RestartApplicationListener -- Restart disabled due to context in which it is running

  .   ____          _            __ _ _
 /\\ / ___'_ __ _ _(_)_ __  __ _ \ \ \ \
( ( )\___ | '_ | '_| | '_ \/ _` | \ \ \ \
 \\/  ___)| |_)| | | | | || (_| |  ) ) ) )
  '  |____| .__|_| |_|_| |_\__, | / / / /
 =========|_|==============|___/=/_/_/_/

 :: Spring Boot ::                (v3.3.1)

2024-07-12T16:31:58.195+02:00  INFO 7772 --- [testcrud] [           main] c.example.demo.TestcrudApplicationTests  : Starting TestcrudApplicationTests using Java 17.0.10 with PID 7772 (started by seniyahettiarachchige in /Users/seniyahettiarachchige/Documents/GitHub/testcrud/testcrud)
2024-07-12T16:31:58.196+02:00  INFO 7772 --- [testcrud] [           main] c.example.demo.TestcrudApplicationTests  : No active profile set, falling back to 1 default profile: "default"
2024-07-12T16:32:00.187+02:00  INFO 7772 --- [testcrud] [           main] .s.d.r.c.RepositoryConfigurationDelegate : Bootstrapping Spring Data JPA repositories in DEFAULT mode.
2024-07-12T16:32:00.285+02:00  INFO 7772 --- [testcrud] [           main] .s.d.r.c.RepositoryConfigurationDelegate : Finished Spring Data repository scanning in 86 ms. Found 1 JPA repository interface.
2024-07-12T16:32:01.316+02:00  INFO 7772 --- [testcrud] [           main] o.hibernate.jpa.internal.util.LogHelper  : HHH000204: Processing PersistenceUnitInfo [name: default]
2024-07-12T16:32:01.377+02:00  INFO 7772 --- [testcrud] [           main] org.hibernate.Version                    : HHH000412: Hibernate ORM core version 6.5.2.Final
2024-07-12T16:32:01.420+02:00  INFO 7772 --- [testcrud] [           main] o.h.c.internal.RegionFactoryInitiator    : HHH000026: Second-level cache disabled
2024-07-12T16:32:01.829+02:00  INFO 7772 --- [testcrud] [           main] o.s.o.j.p.SpringPersistenceUnitInfo      : No LoadTimeWeaver setup: ignoring JPA class transformer
2024-07-12T16:32:01.861+02:00  INFO 7772 --- [testcrud] [           main] com.zaxxer.hikari.HikariDataSource       : HikariPool-1 - Starting...
2024-07-12T16:32:02.519+02:00  INFO 7772 --- [testcrud] [           main] com.zaxxer.hikari.pool.HikariPool        : HikariPool-1 - Added connection com.mysql.cj.jdbc.ConnectionImpl@22cd8ec2
2024-07-12T16:32:02.522+02:00  INFO 7772 --- [testcrud] [           main] com.zaxxer.hikari.HikariDataSource       : HikariPool-1 - Start completed.
2024-07-12T16:32:02.597+02:00  WARN 7772 --- [testcrud] [           main] org.hibernate.orm.deprecation            : HHH90000025: MySQL8Dialect does not need to be specified explicitly using 'hibernate.dialect' (remove the property setting and it will be selected by default)
2024-07-12T16:32:02.599+02:00  WARN 7772 --- [testcrud] [           main] org.hibernate.orm.deprecation            : HHH90000026: MySQL8Dialect has been deprecated; use org.hibernate.dialect.MySQLDialect instead
2024-07-12T16:32:04.182+02:00  INFO 7772 --- [testcrud] [           main] o.h.e.t.j.p.i.JtaPlatformInitiator       : HHH000489: No JTA platform available (set 'hibernate.transaction.jta.platform' to enable JTA platform integration)
2024-07-12T16:32:04.317+02:00  INFO 7772 --- [testcrud] [           main] j.LocalContainerEntityManagerFactoryBean : Initialized JPA EntityManagerFactory for persistence unit 'default'
2024-07-12T16:32:05.100+02:00  WARN 7772 --- [testcrud] [           main] JpaBaseConfiguration$JpaWebConfiguration : spring.jpa.open-in-view is enabled by default. Therefore, database queries may be performed during view rendering. Explicitly configure spring.jpa.open-in-view to disable this warning
2024-07-12T16:32:05.956+02:00  INFO 7772 --- [testcrud] [           main] c.example.demo.TestcrudApplicationTests  : Started TestcrudApplicationTests in 8.493 seconds (process running for 11.029)
]]></system-out>
  </testcase>
</testsuite>